<?xml version="1.0" encoding="UTF-8"?>
<testsuite name="edu.dani.mockito.CadastrarPessoaTeste1" tests="1" skipped="0" failures="0" errors="0" timestamp="2022-12-12T23:49:44" hostname="DESKTOP-ORQ6LHV" time="0.598">
  <properties/>
  <testcase name="validarDadosDeCadastro()" classname="edu.dani.mockito.CadastrarPessoaTeste1" time="0.598"/>
  <system-out><![CDATA[]]></system-out>
  <system-err><![CDATA[]]></system-err>
</testsuite>
